<?xml version="1.0" encoding="UTF-8"?>
<robot generator="Robot 5.0 (Python 3.8.0 on win32)" generated="20220418 21:00:35.515" rpa="false" schemaversion="3">
<suite id="s1" name="Api Books" source="C:\Users\User\Desktop\UNIMED\primerobotframework\tests\features\api_books.robot">
<kw name="Conectar a minha API" library="hooks" type="SETUP">
<kw name="Create Session" library="RequestsLibrary">
<arg>fakeAPI</arg>
<arg>https://fakerestapi.azurewebsites.net/api/v1/</arg>
<arg>disable_warnings=${True}</arg>
<doc>Create Session: create a HTTP session to a server</doc>
<msg timestamp="20220418 21:00:40.384" level="INFO">Creating Session using : alias=fakeAPI, url=https://fakerestapi.azurewebsites.net/api/v1/, headers={},                     cookies={}, auth=None, timeout=None, proxies=None, verify=False,                     debug=0 </msg>
<status status="PASS" starttime="20220418 21:00:40.384" endtime="20220418 21:00:40.384"/>
</kw>
<kw name="Create Dictionary" library="BuiltIn">
<var>${HEADERS}</var>
<arg>content-type=application/json</arg>
<doc>Creates and returns a dictionary based on the given ``items``.</doc>
<msg timestamp="20220418 21:00:40.385" level="INFO">${HEADERS} = {'content-type': 'application/json'}</msg>
<status status="PASS" starttime="20220418 21:00:40.385" endtime="20220418 21:00:40.385"/>
</kw>
<kw name="Set Suite Variable" library="BuiltIn">
<arg>${HEADERS}</arg>
<doc>Makes a variable available everywhere within the scope of the current suite.</doc>
<msg timestamp="20220418 21:00:40.385" level="INFO">${HEADERS} = {'content-type': 'application/json'}</msg>
<status status="PASS" starttime="20220418 21:00:40.385" endtime="20220418 21:00:40.385"/>
</kw>
<status status="PASS" starttime="20220418 21:00:40.383" endtime="20220418 21:00:40.386"/>
</kw>
<test id="s1-t1" name="Cenario: Cadastrando livro com sucesso" line="18">
<kw name="Dado que eu tenha acesso ao Endpoint de Books" library="kws_api_books">
<kw name="Log To Console" library="BuiltIn">
<arg>Validando o endpoint (https://fakerestapi.azurewebsites.net/api/v1/)</arg>
<doc>Logs the given message to the console.</doc>
<status status="PASS" starttime="20220418 21:00:40.387" endtime="20220418 21:00:40.388"/>
</kw>
<status status="PASS" starttime="20220418 21:00:40.387" endtime="20220418 21:00:40.388"/>
</kw>
<kw name="Quando executar a requisição POST" library="kws_api_books">
<kw name="POST On Session" library="RequestsLibrary">
<var>${RESPOSTA}</var>
<arg>fakeAPI</arg>
<arg>Books</arg>
<arg>json=${JSON_BODY}</arg>
<arg>headers=${HEADERS}</arg>
<arg>expected_status=any</arg>
<doc>Sends a POST request on a previously created HTTP Session.</doc>
<msg timestamp="20220418 21:00:41.259" level="INFO">POST Request : url=https://fakerestapi.azurewebsites.net/api/v1/Books 
 path_url=/api/v1/Books 
 headers={'User-Agent': 'python-requests/2.27.1', 'Accept-Encoding': 'gzip, deflate', 'Accept': '*/*', 'Connection': 'keep-alive', 'content-type': 'application/json', 'Content-Length': '205'} 
 body=b'{"id": "987987987", "title": "Aprendendo Robot com o Neg\\u00e3o", "description": "Seja um automatizador fora da curva", "pageCount": "321", "excerpt": "Testando", "publishDate": "2022-10-16T11:01:21.168Z"}' 
 </msg>
<msg timestamp="20220418 21:00:41.259" level="INFO">POST Response : url=https://fakerestapi.azurewebsites.net/api/v1/Books 
 status=200, reason=OK 
 headers={'Transfer-Encoding': 'chunked', 'Content-Type': 'application/json; charset=utf-8; v=1.0', 'Server': 'Kestrel', 'api-supported-versions': '1.0', 'Date': 'Tue, 19 Apr 2022 00:00:40 GMT'} 
 body={"id":987987987,"title":"Aprendendo Robot com o Negão","description":"Seja um automatizador fora da curva","pageCount":321,"excerpt":"Testando","publishDate":"2022-10-16T11:01:21.168Z"} 
 </msg>
<msg timestamp="20220418 21:00:41.260" level="INFO">${RESPOSTA} = &lt;Response [200]&gt;</msg>
<status status="PASS" starttime="20220418 21:00:40.389" endtime="20220418 21:00:41.260"/>
</kw>
<kw name="Log To Console" library="BuiltIn">
<arg>${RESPOSTA.text}</arg>
<doc>Logs the given message to the console.</doc>
<status status="PASS" starttime="20220418 21:00:41.260" endtime="20220418 21:00:41.261"/>
</kw>
<kw name="Set Suite Variable" library="BuiltIn">
<arg>${RESPOSTA}</arg>
<doc>Makes a variable available everywhere within the scope of the current suite.</doc>
<msg timestamp="20220418 21:00:41.263" level="INFO">${RESPOSTA} = &lt;Response [200]&gt;</msg>
<status status="PASS" starttime="20220418 21:00:41.262" endtime="20220418 21:00:41.263"/>
</kw>
<status status="PASS" starttime="20220418 21:00:40.389" endtime="20220418 21:00:41.263"/>
</kw>
<kw name="Então o status code deverá ser" library="kws_api_books">
<arg>200</arg>
<kw name="Should Be Equal As Strings" library="BuiltIn">
<arg>${RESPOSTA.status_code}</arg>
<arg>${STATUS_CODE}</arg>
<doc>Fails if objects are unequal after converting them to strings.</doc>
<msg timestamp="20220418 21:00:41.265" level="INFO">Argument types are:
&lt;class 'int'&gt;
&lt;class 'str'&gt;</msg>
<status status="PASS" starttime="20220418 21:00:41.264" endtime="20220418 21:00:41.265"/>
</kw>
<status status="PASS" starttime="20220418 21:00:41.264" endtime="20220418 21:00:41.266"/>
</kw>
<kw name="E a Reason deverá ser" library="kws_api_books">
<arg>OK</arg>
<kw name="Should Be Equal As Strings" library="BuiltIn">
<arg>${RESPOSTA.reason}</arg>
<arg>${REASON}</arg>
<doc>Fails if objects are unequal after converting them to strings.</doc>
<status status="PASS" starttime="20220418 21:00:41.267" endtime="20220418 21:00:41.268"/>
</kw>
<status status="PASS" starttime="20220418 21:00:41.266" endtime="20220418 21:00:41.269"/>
</kw>
<kw name="E as informações do livro devem ser apresentadas no response body" library="kws_api_books">
<kw name="Dictionary Should Contain Item" library="Collections">
<arg>${RESPOSTA.json()}</arg>
<arg>id</arg>
<arg>${JSON_BODY.id}</arg>
<doc>An item of ``key`` / ``value`` must be found in a ``dictionary``.</doc>
<status status="PASS" starttime="20220418 21:00:41.272" endtime="20220418 21:00:41.275"/>
</kw>
<kw name="Dictionary Should Contain Item" library="Collections">
<arg>${RESPOSTA.json()}</arg>
<arg>title</arg>
<arg>${JSON_BODY.title}</arg>
<doc>An item of ``key`` / ``value`` must be found in a ``dictionary``.</doc>
<status status="PASS" starttime="20220418 21:00:41.276" endtime="20220418 21:00:41.278"/>
</kw>
<kw name="Dictionary Should Contain Item" library="Collections">
<arg>${RESPOSTA.json()}</arg>
<arg>description</arg>
<arg>${JSON_BODY.description}</arg>
<doc>An item of ``key`` / ``value`` must be found in a ``dictionary``.</doc>
<status status="PASS" starttime="20220418 21:00:41.278" endtime="20220418 21:00:41.280"/>
</kw>
<kw name="Dictionary Should Contain Item" library="Collections">
<arg>${RESPOSTA.json()}</arg>
<arg>pageCount</arg>
<arg>${JSON_BODY.pageCount}</arg>
<doc>An item of ``key`` / ``value`` must be found in a ``dictionary``.</doc>
<status status="PASS" starttime="20220418 21:00:41.280" endtime="20220418 21:00:41.282"/>
</kw>
<kw name="Dictionary Should Contain Item" library="Collections">
<arg>${RESPOSTA.json()}</arg>
<arg>excerpt</arg>
<arg>${JSON_BODY.excerpt}</arg>
<doc>An item of ``key`` / ``value`` must be found in a ``dictionary``.</doc>
<status status="PASS" starttime="20220418 21:00:41.282" endtime="20220418 21:00:41.284"/>
</kw>
<kw name="Dictionary Should Contain Item" library="Collections">
<arg>${RESPOSTA.json()}</arg>
<arg>publishDate</arg>
<arg>${JSON_BODY.publishDate}</arg>
<doc>An item of ``key`` / ``value`` must be found in a ``dictionary``.</doc>
<status status="PASS" starttime="20220418 21:00:41.284" endtime="20220418 21:00:41.285"/>
</kw>
<status status="PASS" starttime="20220418 21:00:41.270" endtime="20220418 21:00:41.286"/>
</kw>
<tag>POST</tag>
<status status="PASS" starttime="20220418 21:00:40.386" endtime="20220418 21:00:41.286"/>
</test>
<doc>Aqui neste arquivo estarão presentes todos os testes
API automatizados com suas Keywords.</doc>
<status status="PASS" starttime="20220418 21:00:35.517" endtime="20220418 21:00:41.289"/>
</suite>
<statistics>
<total>
<stat pass="1" fail="0" skip="0">All Tests</stat>
</total>
<tag>
<stat pass="1" fail="0" skip="0">POST</stat>
</tag>
<suite>
<stat pass="1" fail="0" skip="0" id="s1" name="Api Books">Api Books</stat>
</suite>
</statistics>
<errors>
<msg timestamp="20220418 21:00:41.296" level="WARN">Run `Eyes Get All Test Results` keyword in `Suite Teardown` explicitly to see all output logs</msg>
</errors>
</robot>
